
SQL*Loader: Release 21.0.0.0.0 - Production on Mon Jun 19 17:20:39 2023
Version 21.3.0.0.0

Copyright (c) 1982, 2021, Oracle and/or its affiliates.  All rights reserved.

Control File:   C:\BAZY_DANYCH2\211B_Cioæ-Karol_Szemraj-Filip\01-baza\CTL\umowa.ctl
Data File:      CSV\umowa.csv
  Bad File:     BAD\umowa.bad
  Discard File: DSC\umowa.dsc 
 (Allow all discards)

Number to load: ALL
Number to skip: 0
Errors allowed: 50
Bind array:     250 rows, maximum of 1048576 bytes
Continuation:    none specified
Path used:      Conventional

Table UMOWA, loaded from every logical record.
Insert option in effect for this table: APPEND
TRAILING NULLCOLS option in effect

   Column Name                  Position   Len  Term Encl Datatype
------------------------------ ---------- ----- ---- ---- ---------------------
ID_UMOWA                            FIRST     *   ,       CHARACTER            
DATA                                 NEXT     *   ,       DATE DD-MM-YYYY      
PRACOWNICY_ID_PRACOWNIK              NEXT     *   ,       CHARACTER            
KLIENT_ID_KLIENT                     NEXT     *   ,       CHARACTER            
CENA                                 NEXT     *   ,       CHARACTER            
ILOSC                                NEXT     *   ,       CHARACTER            
MAGAZYN_ID_MAGAZYN                   NEXT     *   ,       CHARACTER            


Table UMOWA:
  10800 Rows successfully loaded.
  0 Rows not loaded due to data errors.
  0 Rows not loaded because all WHEN clauses were failed.
  0 Rows not loaded because all fields were null.


Space allocated for bind array:                 451500 bytes(250 rows)
Read   buffer bytes: 1048576

Total logical records skipped:          0
Total logical records read:         10800
Total logical records rejected:         0
Total logical records discarded:        0

Run began on Mon Jun 19 17:20:39 2023
Run ended on Mon Jun 19 17:20:39 2023

Elapsed time was:     00:00:00.33
CPU time was:         00:00:00.06
